<?xml version="1.0" encoding="UTF-8" ?>
<testsuite tests="2" failures="0" name="cucumber.Options.TestRunner" time="14.245" errors="0" skipped="0">
  <properties>
[...]
</properties>
  <testcase classname="Validate that gp-fulfillment-zamboni service is running on stage, prod and non-prod environment" name="Validate that gp-fulfillment-zamboni-helth service is running on environment" time="13.472"/>
  <testcase classname="Validate that gp-fulfillment-zamboni service is running on stage, prod and non-prod environment" name="Validate that gp-fulfillment-zamboni-info service is running on environment" time="0.773"/>
</testsuite>